f: 41
a
Default variable names x1, x2 ... being created.
Default row names c1, c2 ... being created.
CPXPARAM_TimeLimit                               10800
CPXPARAM_WorkMem                                 10000
Tried aggregator 2 times.
MIP Presolve eliminated 83 rows and 43 columns.
MIP Presolve modified 122 coefficients.
Aggregator did 40 substitutions.
Reduced MIP has 3402 rows, 3320 columns, and 16338 nonzeros.
Reduced MIP has 1720 binaries, 0 generals, 0 SOSs, and 0 indicators.
Presolve time = 0.01 sec. (13.12 ticks)
Found incumbent of value 6.000000 after 0.02 sec. (34.38 ticks)
Probing time = 0.01 sec. (4.54 ticks)
Cover probing fixed 20 vars, tightened 0 bounds.
Tried aggregator 1 time.
MIP Presolve eliminated 0 rows and 20 columns.
Reduced MIP has 3402 rows, 3300 columns, and 16258 nonzeros.
Reduced MIP has 1700 binaries, 0 generals, 0 SOSs, and 0 indicators.
Presolve time = 0.01 sec. (9.24 ticks)
Probing time = 0.01 sec. (4.49 ticks)
Clique table members: 1623.
MIP emphasis: balance optimality and feasibility.
MIP search method: dynamic search.
Parallel mode: deterministic, using up to 16 threads.
Root relaxation solution time = 0.10 sec. (182.18 ticks)

        Nodes                                         Cuts/
   Node  Left     Objective  IInf  Best Integer    Best Bound    ItCnt     Gap

*     0+    0                            6.0000      646.0000              --- 
      0     0      548.9173   102        6.0000      548.9173       54     --- 
*     0+    0                           52.0000      548.9173           955.61%
      0     0      548.0853   131       52.0000      Cuts: 94      575  954.01%
      0     0      547.9622   138       52.0000      Cuts: 68      785  953.77%
      0     0      547.7368   135       52.0000      Cuts: 69     1205  953.34%
*     0+    0                           82.0000      547.7368           567.97%
      0     0      547.6054   140       82.0000      Cuts: 72     1543  567.81%
      0     0      547.5114   157       82.0000      Cuts: 70     1840  567.70%
      0     0      547.4628   158       82.0000      Cuts: 64     2085  567.64%
      0     0      547.4114   156       82.0000      Cuts: 46     2364  567.57%
      0     0      547.3646   164       82.0000      Cuts: 61     2658  567.52%
      0     0      547.3420   168       82.0000      Cuts: 44     2854  567.49%
*     0+    0                          105.0000      547.3420           421.28%
      0     0      547.3159   164      105.0000      Cuts: 54     3030  421.25%
*     0+    0                          168.0000      547.3159           225.78%
      0     2      547.3159   164      168.0000      547.3159     3030  225.78%
Elapsed time = 2.88 sec. (4140.44 ticks, tree = 0.02 MB, solutions = 5)
     73    44      546.0370   151      168.0000      547.3159     5785  225.78%
    262   239      544.3223   150      168.0000      547.2184    20917  225.73%
    332   198      544.3091   150      168.0000      547.2184    17347  225.73%
    392   373      546.0221   150      168.0000      547.2184    42165  225.73%
    419   398      545.3333   138      168.0000      547.2184    52759  225.73%
    444   427      546.0446   154      168.0000      547.2184    63968  225.73%
    461   393      545.3333   142      168.0000      547.2184    54708  225.73%
    469   439      545.3333   134      168.0000      547.2184    90453  225.73%
    482   472      544.6667   132      168.0000      547.2184   144326  225.73%
    516   477      545.2380   140      168.0000      547.2184   165581  225.73%
Elapsed time = 6.28 sec. (7306.84 ticks, tree = 1.07 MB, solutions = 5)
    546   526      543.3333   126      168.0000      547.2184   283892  225.73%
    589   554      545.3333   130      168.0000      547.2184   388051  225.73%
    627   587      543.3333   123      168.0000      547.2184   468717  225.73%
    710   648      529.0000    95      168.0000      547.2184   598100  225.73%
    840   727      533.3333   134      168.0000      547.2184   657065  225.73%
   1004   894      533.3333   113      168.0000      547.2184   827054  225.73%
   1269   948      543.3333   115      168.0000      547.2184   881623  225.73%
   1583  1113      546.2215   153      168.0000      547.2184   973605  225.73%
   1900  1311      540.6198   117      168.0000      547.2184  1118333  225.73%
   2153  1418      545.9765   149      168.0000      547.2184  1193353  225.73%
Elapsed time = 16.59 sec. (17017.71 ticks, tree = 4.25 MB, solutions = 5)
   2424  1799      542.4179   139      168.0000      547.2184  1433905  225.73%
   2809  2011      544.7128   116      168.0000      547.2184  1597903  225.73%
   3245  2263      506.5864    89      168.0000      547.2184  1718918  225.73%
   3679  2846      529.6872    95      168.0000      547.2184  1881933  225.73%
   4297  3146      538.4952   100      168.0000      547.2184  2005615  225.73%
   4609  3231      526.1071   111      168.0000      547.2184  2017720  225.73%
*  4613+ 2504                          196.0000      546.3973           178.77%
*  4613+ 1669                          207.0000      544.8484           163.21%
*  4613+ 1112                          211.6667      544.2519           157.13%
*  4613+  741                          221.3333      543.9880           145.78%
*  4613+  493                          230.6667      543.9880           135.83%
*  4613+  328                          233.0000      543.9880           133.47%
   4613   329      542.2972   148      233.0000      542.2972  2157392  132.75%
   4616   330      494.9914   128      233.0000      542.2907  2159659  132.74%
   4629    70      542.1752   131      233.0000      542.2280  2172367  132.72%
   4721    56      492.9986   117      233.0000      542.1672  2191782  132.69%
Elapsed time = 34.53 sec. (42377.24 ticks, tree = 0.60 MB, solutions = 11)
   4946   190      542.0567   107      233.0000      542.1613  2233437  132.69%
   5271   558      487.3365   104      233.0000      542.1613  2310808  132.69%
   5544   832      535.6678    82      233.0000      542.1613  2359153  132.69%
   5986   986      427.0542    96      233.0000      542.1613  2390057  132.69%
   6453  1416      426.6967    86      233.0000      542.1613  2477288  132.69%
   6766  1985      488.6854    78      233.0000      542.1613  2572373  132.69%
   7296  2267      535.5887    55      233.0000      542.1613  2628442  132.69%
   7782  2748      479.9062    81      233.0000      542.1613  2709115  132.69%
   8238  2760      485.8482    95      233.0000      542.1613  2708902  132.69%
   8603  3475      415.0464    49      233.0000      542.1613  2821204  132.69%
Elapsed time = 44.49 sec. (51956.15 ticks, tree = 90.88 MB, solutions = 11)
   9088  3764      473.5913    58      233.0000      542.1613  2886190  132.69%
   9558  4336      528.4619    65      233.0000      542.1485  2976892  132.68%
  10186  4537      509.4896    72      233.0000      542.1485  3023291  132.68%
  10636  5274      511.8979    54      233.0000      542.0972  3131208  132.66%
  11177  5446      483.1283    80      233.0000      542.0972  3163162  132.66%
  11762  5962      530.7889    68      233.0000      542.0953  3250705  132.66%
  12284  6604        cutoff            233.0000      542.0953  3357674  132.66%
  12802  7096      530.0821   101      233.0000      542.0953  3443002  132.66%
  13168  7570      530.1054    88      233.0000      542.0700  3545400  132.65%
  13827  7789      536.8471   109      233.0000      542.0655  3588422  132.65%
Elapsed time = 54.01 sec. (61521.76 ticks, tree = 207.99 MB, solutions = 11)
  14440  8456      529.0805    55      233.0000      542.0632  3679129  132.65%
  14878  8990      517.3242    45      233.0000      542.0632  3788955  132.65%
  15355  9286      525.2716    68      233.0000      542.0632  3835801  132.65%
  16057  9699      535.2641    90      233.0000      542.0632  3902893  132.65%
  16661 10419      540.8956   122      233.0000      542.0632  4018770  132.65%
  17024 10804      524.4872    55      233.0000      542.0449  4108390  132.64%
  17386 11229      539.5267    79      233.0000      542.0449  4164436  132.64%
  17875 11392      506.5772    77      233.0000      542.0449  4223935  132.64%
* 17961+11543                          241.0000      542.0449           124.91%
  18276 11913      513.0546    63      241.0000      542.0449  4305170  124.91%
  18665 12093      504.3575    50      241.0000      542.0449  4353095  124.91%
Elapsed time = 63.90 sec. (71094.30 ticks, tree = 336.57 MB, solutions = 12)
  19213 12449      503.8409    57      241.0000      542.0449  4446975  124.91%
* 19619+13057                          263.0000      542.0227           106.09%
  19804 13217      533.0985    84      263.0000      542.0227  4563332  106.09%
  20212 13659      531.1051    70      263.0000      541.9974  4627905  106.08%
  20705 13964      531.6172   111      263.0000      541.9964  4681473  106.08%
  21348 14379      538.1154    74      263.0000      541.9964  4718434  106.08%
  22119 15206      526.6676    85      263.0000      541.9964  4819511  106.08%
  22788 15369      536.5733    79      263.0000      541.9964  4838911  106.08%
* 23383+16471                          267.6667      541.9964           102.49%
  23385 16531      532.1793    88      267.6667      541.9964  4943326  102.49%
  24098 16572      539.7199    98      267.6667      541.9571  4954917  102.47%
  24804 17539      533.9215    94      267.6667      541.9199  5041756  102.46%
Elapsed time = 73.93 sec. (80656.30 ticks, tree = 504.23 MB, solutions = 14)
  25430 18363      530.3292    77      267.6667      541.9120  5100704  102.46%
  25993 19037      539.5510   112      267.6667      541.8926  5162303  102.45%
  26857 19877      539.2631   107      267.6667      541.8926  5236811  102.45%
  27566 20219      521.3107    59      267.6667      541.8851  5265790  102.45%
  28121 20720      538.2956    98      267.6667      541.8646  5311002  102.44%
  28581 21444      539.8774   130      267.6667      541.8646  5380725  102.44%
  29240 21774      536.9810    88      267.6667      541.8646  5402756  102.44%
  29760 22966      535.2748    80      267.6667      541.8636  5534147  102.44%
  30346 23117      541.0729   146      267.6667      541.8636  5552450  102.44%
  31131 23984      533.9529   124      267.6667      541.8636  5642182  102.44%
Elapsed time = 84.27 sec. (90204.69 ticks, tree = 709.03 MB, solutions = 14)
  31592 24471      534.3760   114      267.6667      541.8636  5684704  102.44%
  31978 24641      534.6076   102      267.6667      541.8636  5697236  102.44%
  32445 25142      537.7911    51      267.6667      541.8087  5759440  102.42%
* 32864+25644                          269.6667      541.8087           100.92%
  32963 25931      531.1497    76      269.6667      541.8087  5842856  100.92%
  33532 26151      539.8984   129      269.6667      541.7836  5876178  100.91%
  34012 26576      522.1036    46      269.6667      541.7836  5931330  100.91%
  34551 27238      539.3288   116      269.6667      541.7836  5995794  100.91%
  35164 27458      535.5547    42      269.6667      541.7836  6023303  100.91%
  35721 27891      533.9740    77      269.6667      541.7836  6096504  100.91%
  36198 28682        cutoff            269.6667      541.7519  6190356  100.90%
Elapsed time = 94.55 sec. (99766.79 ticks, tree = 860.52 MB, solutions = 15)
  36712 28996      537.2938   102      269.6667      541.7180  6224528  100.88%
  37353 29879      534.5223    99      269.6667      541.6768  6355920  100.87%
  38086 30042      538.0813    98      269.6667      541.6768  6364423  100.87%
  38651 31273      540.4648   122      269.6667      541.6686  6500490  100.87%
  39220 31862      540.6337   148      269.6667      541.6442  6566471  100.86%
  39935 31784      539.8550   105      269.6667      541.6442  6550787  100.86%
  40768 32423      539.6825   122      269.6667      541.6442  6622384  100.86%
  41395 33121      534.9869    73      269.6667      541.6442  6689176  100.86%
  41885 33793      531.1472    82      269.6667      541.6442  6747012  100.86%
  44306 36231      539.3565    97      269.6667      541.6261  6981105  100.85%
Elapsed time = 108.23 sec. (112183.04 ticks, tree = 1049.49 MB, solutions = 15)
* 45546+38104                          274.6667      541.6261            97.19%
* 45623+37684                          310.3333      541.6261            74.53%
* 45679+38104                          322.6667      541.6261            67.86%
* 45736+37684                          341.6667      541.6261            58.52%
* 45895+37684                          367.6667      541.6261            47.31%
* 45910+37684                          374.3333      541.6261            44.69%
* 45929+37684                          386.3333      541.6261            40.20%
* 45933+37684                          388.3333      541.6261            39.47%
* 46001+37684                          424.3333      541.6261            27.64%
  46007 38332      531.6468   145      424.3333      541.6261  7179632   27.64%
* 46010+37684                          427.6667      541.6261            26.65%
* 46054+37684                          433.0000      541.6261            25.09%
* 46062+37684                          471.6667      541.6261            14.83%
* 46087+37684                          472.0000      541.6261            14.75%
  47086 39457      533.0813    67      472.0000      541.6261  7302551   14.75%
  47759 40407      540.0865   122      472.0000      541.6261  7426332   14.75%
  48887 41111      539.4072   103      472.0000      541.6261  7528842   14.75%
  50013 41743      530.1420    68      472.0000      541.6261  7729089   14.75%
  51241 42880      523.8477    46      472.0000      541.6261  7859648   14.75%
  53651 44097      539.5704   128      472.0000      541.6261  7985057   14.75%
  55915 46201      538.8414   119      472.0000      541.6261  8161715   14.75%
* 57305+37684                          476.6667      541.6261            13.63%
* 57309+37684                          477.3333      541.6261            13.47%
* 57316+37684                          480.6667      541.6261            12.68%
  57848 48692      537.5177    96      480.6667      541.6261  8396465   12.68%
* 58576+48097                          484.6667      541.6261            11.75%
  60363 48208      540.1881   129      484.6667      541.6261  8513821   11.75%
Elapsed time = 150.17 sec. (150373.06 ticks, tree = 1379.07 MB, solutions = 88)
* 61210+50415                          487.0000      541.6261            11.22%
  62610 51092      529.8992    78      487.0000      541.6261  8830226   11.22%
* 63150+50302                          490.3333      541.6261            10.46%
  64633 52203      530.5430    88      490.3333      541.6261  9031580   10.46%
  66385 53513      536.9582   106      490.3333      541.6261  9188784   10.46%
  68643 55123      537.0662    73      490.3333      541.3425  9375470   10.40%
  70785 57502      532.0675    69      490.3333      541.3425  9618379   10.40%
  72785 58982      497.0755    37      490.3333      541.3253  9808850   10.40%
  74927 61392      539.5069   106      490.3333      541.2892 10086187   10.39%
  77398 63383      532.9012   112      490.3333      541.2786 10278380   10.39%
  79547 66703      524.0137    68      490.3333      541.2702 10586028   10.39%
* 79787+66529                          493.6667      541.2702             9.64%
  82160 67519      533.1153    80      493.6667      541.2481 10717431    9.64%
Elapsed time = 192.85 sec. (188537.48 ticks, tree = 2014.26 MB, solutions = 108)
  84307 70445      504.5128    39      493.6667      541.2296 10981169    9.63%
  85911 71478      526.5771    53      493.6667      541.2296 11091332    9.63%
  87923 73462      533.5551    78      493.6667      541.2239 11326287    9.63%
  90074 75221      532.9297    81      493.6667      541.2090 11500072    9.63%
  92994 78076      538.9257    79      493.6667      541.2001 11760581    9.63%
  95166 79175      537.3924    82      493.6667      541.1944 11863407    9.63%
  97384 81355      537.3828    80      493.6667      541.1652 12040981    9.62%
  99484 84114        cutoff            493.6667      541.1638 12298726    9.62%
 101837 85905      521.0070    67      493.6667      541.1544 12421037    9.62%
 103647 88350      520.1974    63      493.6667      541.1494 12635203    9.62%
Elapsed time = 237.03 sec. (226707.16 ticks, tree = 2704.91 MB, solutions = 108)
 105197 90826      523.2258    61      493.6667      541.1366 12938574    9.62%
 106957 91371      530.5365   113      493.6667      541.1261 13027379    9.61%
 108895 93470      536.7763    97      493.6667      541.1217 13317241    9.61%
 110916 94448      538.8993   110      493.6667      541.1094 13469981    9.61%
 113068 97383      538.1511    90      493.6667      541.1067 13725908    9.61%
 115106 99021      520.2366    61      493.6667      541.0848 13890431    9.61%
 117456 100602      533.3782   100      493.6667      541.0811 14063898    9.60%
 119535 104250      515.0315    55      493.6667      541.0811 14385216    9.60%
 121630 105676      529.1792    82      493.6667      541.0548 14548269    9.60%
 124077 108214      531.5861    74      493.6667      541.0438 14763500    9.60%
Elapsed time = 282.95 sec. (264873.28 ticks, tree = 3427.70 MB, solutions = 108)
 126185 110800      518.6888    66      493.6667      541.0436 15026086    9.60%
 127788 111508      530.1890    72      493.6667      541.0436 15111895    9.60%
 129780 112799      531.3153   105      493.6667      541.0436 15275307    9.60%
 131438 115948      540.1720   135      493.6667      541.0295 15611198    9.59%
 133307 116800      537.4122    74      493.6667      541.0227 15747231    9.59%
 135012 118308      530.9664   113      493.6667      541.0177 15929930    9.59%
 136430 120267      538.9082   145      493.6667      541.0110 16214383    9.59%
 138840 121320      531.7461    75      493.6667      540.9998 16349488    9.59%
 140983 123713      533.8856   126      493.6667      540.9987 16562305    9.59%
 142695 125828      532.0355    83      493.6667      540.9987 16745897    9.59%
Elapsed time = 330.30 sec. (303040.45 ticks, tree = 4011.43 MB, solutions = 108)
 144555 127794      528.4417    79      493.6667      540.9951 16960820    9.59%
 146623 128890      538.4457   106      493.6667      540.9871 17085933    9.59%
 148352 131337      496.9856    54      493.6667      540.9871 17326188    9.59%
 150030 132726      531.4247    81      493.6667      540.9871 17462584    9.59%
 151969 134925      530.3168    79      493.6667      540.9871 17744026    9.59%
 153901 135840      530.5835    59      493.6667      540.9608 17877408    9.58%
 155941 137962      537.9771    86      493.6667      540.9608 18074475    9.58%
 157736 139653      528.8007    83      493.6667      540.9599 18253485    9.58%
 159351 142488      536.5021    77      493.6667      540.9535 18548653    9.58%
 160832 143664      535.1660    95      493.6667      540.9533 18682675    9.58%
Elapsed time = 379.54 sec. (341201.60 ticks, tree = 4617.32 MB, solutions = 108)
 162918 145028      539.9036   100      493.6667      540.9504 18817524    9.58%
 164955 146392      538.4479    83      493.6667      540.9446 18945638    9.58%
 167073 148630      515.1602    52      493.6667      540.9362 19153985    9.58%
 169090 152013      534.5965   135      493.6667      540.9362 19486382    9.58%
 170937 152783      539.0455    54      493.6667      540.9287 19546384    9.57%
 172780 155176      533.0247    52      493.6667      540.9242 19797921    9.57%
 174845 156587      538.2397    68      493.6667      540.9202 19957427    9.57%
 176859 159298      532.8122    83      493.6667      540.9177 20242073    9.57%
 178576 160963      515.3866    46      493.6667      540.9110 20405908    9.57%
 180589 162918      531.5471    69      493.6667      540.9073 20603090    9.57%
Elapsed time = 432.48 sec. (379361.42 ticks, tree = 5230.47 MB, solutions = 108)
 182877 165131      531.5755    98      493.6667      540.8958 20787728    9.57%
 184954 167489      536.7526    89      493.6667      540.8958 21012117    9.57%
 186670 169306      527.8069    74      493.6667      540.8897 21179458    9.57%
 188518 170698      534.0907   135      493.6667      540.8772 21363170    9.56%
 190540 172824      531.1225    86      493.6667      540.8734 21561571    9.56%
 192623 173574      534.5738   120      493.6667      540.8722 21650404    9.56%
 194952 175401      538.7748   111      493.6667      540.8614 21817140    9.56%
 197172 177617      539.6073   125      493.6667      540.8614 22026821    9.56%
 198765 179795      537.7095    71      493.6667      540.8578 22214519    9.56%
 200948 182599      524.5889    73      493.6667      540.8550 22509689    9.56%
Elapsed time = 482.09 sec. (417526.13 ticks, tree = 5979.72 MB, solutions = 108)
 202848 185146      535.0098   100      493.6667      540.8538 22714512    9.56%
 204723 185657      537.8814    74      493.6667      540.8503 22747252    9.56%
 206445 187980      539.7238   115      493.6667      540.8460 23008775    9.56%
 208442 189548      503.8922    78      493.6667      540.8414 23188676    9.56%
 210375 191018      530.7499    99      493.6667      540.8414 23313954    9.56%
 212478 194157      531.0546   104      493.6667      540.8384 23626549    9.56%
 214622 196196      534.1626    82      493.6667      540.8344 23810285    9.55%
 216527 197728      538.6474   125      493.6667      540.8303 23963789    9.55%
 218791 200320      537.6047    97      493.6667      540.8276 24200343    9.55%
 220552 202120      536.1975    89      493.6667      540.8274 24369279    9.55%
Elapsed time = 532.16 sec. (455696.36 ticks, tree = 6632.90 MB, solutions = 108)
 221781 203703      524.8816    77      493.6667      540.8272 24550576    9.55%
 223377 204589      522.0293    68      493.6667      540.8257 24682109    9.55%
 224548 206350      538.1150   137      493.6667      540.8228 24891837    9.55%
 226340 207360      538.0595    89      493.6667      540.8223 25043677    9.55%
 227970 207832      536.0574    89      493.6667      540.8185 25090504    9.55%
 229855 210601      530.9980    68      493.6667      540.8185 25338606    9.55%
 231900 212074      535.1098   109      493.6667      540.8185 25504177    9.55%
 233718 213648      537.3438    86      493.6667      540.8115 25655896    9.55%
 235494 216456      535.2085    46      493.6667      540.8115 25929707    9.55%
 237578 217546      535.8040   109      493.6667      540.8053 26051830    9.55%
Elapsed time = 584.38 sec. (493860.88 ticks, tree = 7247.73 MB, solutions = 108)
 239306 220470      535.4851    76      493.6667      540.8037 26324928    9.55%
 240616 221777      536.2879    44      493.6667      540.8037 26479540    9.55%
 242465 222814      528.4888    57      493.6667      540.8018 26625950    9.55%
 244496 224735      537.3005    50      493.6667      540.7977 26818240    9.55%
 246300 226866      538.5379    89      493.6667      540.7970 27039658    9.55%
 247738 228716      534.8603    81      493.6667      540.7953 27231807    9.55%
 249612 229184      534.9407   114      493.6667      540.7928 27283340    9.55%
 251327 231484      538.4781   118      493.6667      540.7928 27518814    9.55%
 252822 232730      539.5797   126      493.6667      540.7919 27661365    9.55%
 254662 234120      529.2103   111      493.6667      540.7896 27818341    9.55%
Elapsed time = 637.21 sec. (532061.64 ticks, tree = 7903.21 MB, solutions = 108)
 256618 236006      515.2526    88      493.6667      540.7865 28022090    9.54%
 258614 238833      531.1631    91      493.6667      540.7865 28312135    9.54%
 260244 240630      538.9598   102      493.6667      540.7852 28486276    9.54%
 261911 241234      536.5181    64      493.6667      540.7852 28547528    9.54%
 263413 243114      534.1561    68      493.6667      540.7803 28725629    9.54%
 265081 244840      538.6641    93      493.6667      540.7803 28959077    9.54%
 266745 247255      540.4039   134      493.6667      540.7803 29257800    9.54%
 268139 248782      537.0877    61      493.6667      540.7778 29436027    9.54%
 269453 249566      534.7086    99      493.6667      540.7778 29558305    9.54%
 270951 250399      526.7716    70      493.6667      540.7772 29659256    9.54%
Elapsed time = 691.16 sec. (570247.74 ticks, tree = 8461.77 MB, solutions = 108)
 272615 252493      511.0959    59      493.6667      540.7716 29912021    9.54%
 274255 253259      529.8704    89      493.6667      540.7701 30023441    9.54%
 275644 254444      519.5315    60      493.6667      540.7701 30192439    9.54%
 277378 256335      531.8543   106      493.6667      540.7693 30427447    9.54%
 278929 256847      537.5991   109      493.6667      540.7653 30506862    9.54%
 280795 259373      535.8305   140      493.6667      540.7637 30751231    9.54%
 283087 261671      531.1770    87      493.6667      540.7630 30945365    9.54%
 285211 263569      537.1040    97      493.6667      540.7619 31099447    9.54%
 286944 265712      535.8295    73      493.6667      540.7580 31284265    9.54%
 288642 267186      529.4393    80      493.6667      540.7580 31447328    9.54%
Elapsed time = 746.68 sec. (608434.97 ticks, tree = 9145.37 MB, solutions = 108)
 290493 268585      537.2345    93      493.6667      540.7580 31576581    9.54%
 292073 271658      526.9550    86      493.6667      540.7569 31909216    9.54%
 293399 272780      528.7290    96      493.6667      540.7560 32004899    9.54%
 295001 273463      538.5450    77      493.6667      540.7509 32095548    9.54%
 296349 274543      532.5120    98      493.6667      540.7509 32220255    9.54%
 297771 277140      535.5068   117      493.6667      540.7509 32519270    9.54%
 299260 277556      533.0616   124      493.6667      540.7509 32597569    9.54%
 300409 279804      526.8180    57      493.6667      540.7509 32918951    9.54%
 301925 280869      539.8893   150      493.6667      540.7473 33072629    9.54%
 303583 282542      538.5259    61      493.6667      540.7458 33263734    9.54%
Elapsed time = 801.07 sec. (646620.68 ticks, tree = 9725.69 MB, solutions = 108)
*304394+282782                          497.6667      540.7458             8.66%
 305343 281695      521.4072    57      497.6667      540.7449 33320957    8.66%
 307242 282955      530.4252    56      497.6667      540.7407 33473754    8.66%
 309107 284861      528.2522    62      497.6667      540.7390 33635812    8.65%
 311044 286744      534.4780    85      497.6667      540.7364 33811540    8.65%
 312665 288187      537.3197    78      497.6667      540.7364 33936074    8.65%
 314217 289730      526.7323   113      497.6667      540.7333 34089055    8.65%
 315645 291974      533.4835    80      497.6667      540.7321 34275797    8.65%
 317058 293252      538.3692    65      497.6667      540.7321 34355565    8.65%
 318398 294439      533.0527    64      497.6667      540.7321 34485992    8.65%
 319407 295927      523.6598    39      497.6667      540.7321 34623330    8.65%
Elapsed time = 855.19 sec. (684791.79 ticks, tree = 10292.25 MB, solutions = 109)
Nodefile size = 283.37 MB (238.04 MB after compression)
 320977 297275      535.3419    45      497.6667      540.7296 34796134    8.65%
 322421 298315      531.3208    40      497.6667      540.7244 34918950    8.65%
 323765 299825      526.1161    27      497.6667      540.7239 35094967    8.65%
 325064 300763      528.7374    74      497.6667      540.7234 35187238    8.65%
 326410 302779      540.0107   133      497.6667      540.7231 35399613    8.65%
 328193 303667      538.5622    78      497.6667      540.7212 35491549    8.65%
 329446 306145      540.1329   179      497.6667      540.7206 35733770    8.65%
 331333 306324      538.1474    85      497.6667      540.7154 35744226    8.65%
 332392 308602      527.0455    91      497.6667      540.7136 35981973    8.65%
 333486 310083      539.8343   103      497.6667      540.7130 36171264    8.65%
Elapsed time = 905.95 sec. (722984.59 ticks, tree = 10746.12 MB, solutions = 109)
Nodefile size = 741.77 MB (624.18 MB after compression)
 334657 310645      540.2114   109      497.6667      540.7051 36252255    8.65%
 336012 312498      539.2235    95      497.6667      540.7051 36507974    8.65%
 337347 313163      539.1734    91      497.6667      540.7034 36569545    8.65%
 338722 314991      539.3834   121      497.6667      540.7029 36806541    8.65%
 340214 315564      538.2268    97      497.6667      540.7029 36842933    8.65%
 341451 317240      538.7397   124      497.6667      540.7029 37000221    8.65%
 342505 318530      539.1575    75      497.6667      540.7029 37108407    8.65%
 344243 319641      529.5241    92      497.6667      540.7029 37241235    8.65%
 345107 320293      513.0826    60      497.6667      540.7029 37294425    8.65%
 345978 321297      539.7151   127      497.6667      540.7029 37352038    8.65%
Elapsed time = 955.32 sec. (761168.89 ticks, tree = 11216.30 MB, solutions = 109)
Nodefile size = 1204.42 MB (1016.09 MB after compression)
 347117 323199      539.1511    71      497.6667      540.6934 37625193    8.65%
 348377 324184      504.5104    48      497.6667      540.6894 37770616    8.64%
 349620 325008      535.9926    55      497.6667      540.6893 37857535    8.64%
 350816 326702      534.8339   155      497.6667      540.6886 38084579    8.64%
 352379 327005      499.6667    74      497.6667      540.6886 38142532    8.64%
 353977 328256      538.2001    75      497.6667      540.6867 38291789    8.64%
 355068 329725      533.4137    62      497.6667      540.6867 38444349    8.64%
 356186 331892      538.3480    93      497.6667      540.6866 38680910    8.64%
 357813 332422      534.0678    89      497.6667      540.6835 38741103    8.64%
 358945 334553      530.9040   140      497.6667      540.6835 38991493    8.64%
Elapsed time = 1007.56 sec. (799358.06 ticks, tree = 11671.32 MB, solutions = 109)
Nodefile size = 1666.52 MB (1404.50 MB after compression)
 360258 335980      525.6963    74      497.6667      540.6814 39136543    8.64%
 361333 336362      536.8494    66      497.6667      540.6798 39182269    8.64%
 362766 336978      539.8692   129      497.6667      540.6789 39236817    8.64%
 364324 338356      532.0228    91      497.6667      540.6783 39420449    8.64%
 365591 339416      535.1895    91      497.6667      540.6783 39582543    8.64%
 366549 340827      537.2512    98      497.6667      540.6783 39675969    8.64%
 367853 343194      539.0373   109      497.6667      540.6738 39950268    8.64%
 368992 344388      525.5605    57      497.6667      540.6734 40099814    8.64%
 370320 345146      539.1223    85      497.6667      540.6734 40172163    8.64%
 371768 346590      538.4288   103      497.6667      540.6714 40345015    8.64%
Elapsed time = 1058.27 sec. (837531.89 ticks, tree = 12180.06 MB, solutions = 109)
Nodefile size = 2173.33 MB (1835.24 MB after compression)
*372401+347197                          501.6667      540.6714             7.78%
 373089 347131      534.2822    96      501.6667      540.6714 40398502    7.78%
 374317 346444      538.2564    60      501.6667      540.6714 40498406    7.78%
 375802 349053      540.2471   107      501.6667      540.6686 40777036    7.77%
 377356 350092      529.4229    93      501.6667      540.6658 40901019    7.77%
 378580 350275      535.8262    46      501.6667      540.6643 40922465    7.77%
 379346 352487      535.5426   105      501.6667      540.6636 41102272    7.77%
 380739 353337      534.1566    77      501.6667      540.6636 41255116    7.77%
 382185 354923      536.8189    77      501.6667      540.6613 41401128    7.77%
 383637 355708      539.0668    75      501.6667      540.6596 41487702    7.77%
 385119 356363      537.1384    88      501.6667      540.6576 41525171    7.77%
Elapsed time = 1109.26 sec. (875704.73 ticks, tree = 12607.98 MB, solutions = 110)
Nodefile size = 2589.68 MB (2189.80 MB after compression)
 386687 358663      528.4935    66      501.6667      540.6576 41763910    7.77%
 387380 359252      533.9549    95      501.6667      540.6558 41819792    7.77%
 388645 361208      538.7607    99      501.6667      540.6550 41978287    7.77%
 389638 362584      537.2789    89      501.6667      540.6546 42095529    7.77%
 391103 363467      532.4492    67      501.6667      540.6546 42193971    7.77%
 392193 364831      537.0883    96      501.6667      540.6546 42331007    7.77%
 393418 365396      523.5044    68      501.6667      540.6546 42390398    7.77%
 394584 366870      537.6039    73      501.6667      540.6538 42545484    7.77%
 395849 367521      536.1534    42      501.6667      540.6496 42617858    7.77%
 396891 368987      524.9360    68      501.6667      540.6496 42836030    7.77%
Elapsed time = 1164.05 sec. (913887.98 ticks, tree = 13104.73 MB, solutions = 110)
Nodefile size = 3098.85 MB (2621.84 MB after compression)
 398255 370366      535.5958    77      501.6667      540.6487 43011679    7.77%
 399657 372055      538.4368    96      501.6667      540.6481 43215434    7.77%
 401035 372769      530.2753   106      501.6667      540.6467 43289195    7.77%
 402336 373257      536.3572   101      501.6667      540.6458 43359193    7.77%
 403602 374393      539.0762    96      501.6667      540.6449 43470883    7.77%
 404990 376701      524.9479    40      501.6667      540.6449 43680764    7.77%
 406325 377257      530.2503    66      501.6667      540.6413 43722358    7.77%
 407784 378364      537.8830    77      501.6667      540.6405 43870501    7.77%
 409401 380151      532.7510    27      501.6667      540.6405 44036882    7.77%
 410703 382284        cutoff            501.6667      540.6405 44221184    7.77%
Elapsed time = 1218.94 sec. (952087.68 ticks, tree = 13571.88 MB, solutions = 110)
Nodefile size = 3566.56 MB (3017.98 MB after compression)
 411968 383672      535.7368   135      501.6667      540.6397 44383254    7.77%
 412823 384211      539.2166    99      501.6667      540.6391 44425489    7.77%
 414305 385678      516.8027    53      501.6667      540.6391 44632025    7.77%
 415390 386284      536.6481   150      501.6667      540.6391 44679351    7.77%
 416668 388350      540.2189   136      501.6667      540.6345 44925288    7.77%
 418218 388962      532.8152    76      501.6667      540.6345 44982954    7.77%
 419719 390673      533.2716    92      501.6667      540.6336 45105459    7.77%
 421039 390962      540.4274   123      501.6667      540.6323 45123695    7.77%
 422192 392653      538.6084    75      501.6667      540.6310 45248639    7.77%
 422969 394072      538.4457   109      501.6667      540.6310 45346449    7.77%
Elapsed time = 1267.13 sec. (990268.36 ticks, tree = 14064.11 MB, solutions = 110)
Nodefile size = 4056.28 MB (3433.60 MB after compression)
 423794 394184      536.5068    89      501.6667      540.6308 45354877    7.77%
 424876 396091      535.5106    51      501.6667      540.6308 45529809    7.77%
 426321 397666      537.8351    91      501.6667      540.6308 45703726    7.77%
 427273 399469      537.9766    76      501.6667      540.6307 45890326    7.77%
 428402 400176      527.7605    86      501.6667      540.6214 46019670    7.77%
 429675 400575      534.1494    76      501.6667      540.6214 46071724    7.77%
 430782 402360      535.1182   127      501.6667      540.6214 46314834    7.77%
 432016 402183      524.0193    72      501.6667      540.6202 46309191    7.76%
 433465 403549      534.3145   136      501.6667      540.6164 46481271    7.76%
 434872 404583      537.5210    79      501.6667      540.6164 46579004    7.76%
Elapsed time = 1321.41 sec. (1028442.58 ticks, tree = 14440.24 MB, solutions = 110)
Nodefile size = 4427.53 MB (3748.54 MB after compression)
 436106 405994      505.4996   103      501.6667      540.6164 46723206    7.76%
 437553 406844      536.7489    85      501.6667      540.6164 46782695    7.76%
 438707 408438      517.0019    93      501.6667      540.6164 46934769    7.76%
 439696 410707      529.5176    91      501.6667      540.6164 47110328    7.76%
 441129 411812      509.3073    77      501.6667      540.6164 47208363    7.76%
 442416 413274      538.8340    88      501.6667      540.6114 47355788    7.76%
 443625 413954      539.4948    76      501.6667      540.6114 47395281    7.76%
 444746 415606      524.8185    77      501.6667      540.6100 47578681    7.76%
 446014 416053      539.9805   119      501.6667      540.6100 47629785    7.76%
 447076 417800      538.3962    98      501.6667      540.6058 47813656    7.76%
Elapsed time = 1389.07 sec. (1066624.57 ticks, tree = 15003.44 MB, solutions = 110)
Nodefile size = 4995.40 MB (4232.72 MB after compression)
 448200 418633      531.4569    65      501.6667      540.6051 47918416    7.76%
 449683 419595      536.0732    84      501.6667      540.6036 48012139    7.76%
 451222 421480      532.3028    70      501.6667      540.6036 48217504    7.76%
 452503 422180      532.9943    86      501.6667      540.6027 48277535    7.76%
 453995 424006      533.7672    90      501.6667      540.6007 48429272    7.76%
 454672 424420      536.3747    78      501.6667      540.6001 48463623    7.76%
 455611 425852      505.4600   109      501.6667      540.6001 48580632    7.76%
 457232 426333      538.3750   100      501.6667      540.5975 48625675    7.76%
 458082 429114      537.6128   105      501.6667      540.5957 48905243    7.76%
 459341 429895      534.5003   120      501.6667      540.5952 49001617    7.76%
Elapsed time = 1451.53 sec. (1104816.58 ticks, tree = 15473.25 MB, solutions = 110)
Nodefile size = 5464.49 MB (4633.02 MB after compression)
 460392 430498      538.3707   101      501.6667      540.5931 49082586    7.76%
 461512 432460      536.8994    70      501.6667      540.5921 49311616    7.76%
 462986 432796      536.1751    98      501.6667      540.5921 49352477    7.76%
 464264 434725      534.9369    64      501.6667      540.5921 49588058    7.76%
 465602 434640      536.2475    87      501.6667      540.5908 49570181    7.76%
 466748 435740      533.8292    96      501.6667      540.5908 49713173    7.76%
 467939 438317      538.3746    97      501.6667      540.5891 49995876    7.76%
 469222 438602      531.5828    44      501.6667      540.5890 50055123    7.76%
 470599 440623      528.5752    57      501.6667      540.5866 50309779    7.76%
 471983 442142      539.7623   115      501.6667      540.5863 50462564    7.76%
Elapsed time = 1508.65 sec. (1143007.96 ticks, tree = 15935.62 MB, solutions = 110)
Nodefile size = 5929.42 MB (5029.37 MB after compression)
 473496 441866      538.4090    81      501.6667      540.5859 50417804    7.76%
 474783 444043      522.5567    66      501.6667      540.5859 50637996    7.76%
 475974 444206      539.5043    85      501.6667      540.5855 50626768    7.76%
 477277 445893      538.9892    75      501.6667      540.5840 50788879    7.76%
 478731 447121      533.9146   117      501.6667      540.5830 50897330    7.76%
 479865 449636      535.4289    22      501.6667      540.5830 51061135    7.76%
 480922 449536      539.3396   104      501.6667      540.5818 51061471    7.76%
 482388 450831      538.6248    73      501.6667      540.5807 51209516    7.76%
 483691 453037      502.0993    89      501.6667      540.5792 51433260    7.76%
 484993 454217      530.5745    60      501.6667      540.5787 51551300    7.76%
Elapsed time = 1558.86 sec. (1181195.70 ticks, tree = 16405.24 MB, solutions = 110)
Nodefile size = 6395.14 MB (5427.91 MB after compression)
 485969 455381      540.3309   123      501.6667      540.5787 51682255    7.76%
 487221 455883      535.3900    42      501.6667      540.5769 51721114    7.76%
 488762 457809      536.3292    96      501.6667      540.5747 51944511    7.76%
 490107 458268      539.4222   106      501.6667      540.5747 52044715    7.76%
 491065 460242      537.2758    54      501.6667      540.5735 52206838    7.76%
 492284 460317      534.6582    22      501.6667      540.5730 52220757    7.76%
 493333 463007      539.4730   112      501.6667      540.5730 52476813    7.76%
 494810 463776      533.5928    89      501.6667      540.5730 52566490    7.76%
 495854 464446      539.5723    54      501.6667      540.5696 52649722    7.75%
 497246 466575      531.7031    52      501.6667      540.5696 52873735    7.75%
Elapsed time = 1610.51 sec. (1219358.89 ticks, tree = 16897.61 MB, solutions = 110)
Nodefile size = 6891.83 MB (5851.22 MB after compression)
 498785 466403      539.9129    58      501.6667      540.5670 52857408    7.75%
 500009 468967      539.2753   135      501.6667      540.5670 53087176    7.75%
 500893 470085      536.7418   105      501.6667      540.5663 53164231    7.75%
 502103 469821      506.4468   142      501.6667      540.5663 53163649    7.75%
 503421 471955      504.9139    91      501.6667      540.5654 53373130    7.75%
 504909 473037      517.3669    70      501.6667      540.5654 53472339    7.75%
 506159 475326      538.6319   108      501.6667      540.5629 53692828    7.75%
 507571 475719      535.4634   114      501.6667      540.5629 53779910    7.75%
 508881 476965      525.8058    88      501.6667      540.5613 53927842    7.75%
 510138 479056      537.5233   117      501.6667      540.5613 54125250    7.75%
Elapsed time = 1663.25 sec. (1257548.39 ticks, tree = 17319.63 MB, solutions = 110)
Nodefile size = 7314.34 MB (6210.81 MB after compression)
 511517 480021      533.0193   124      501.6667      540.5592 54257733    7.75%
 513007 480150      538.6834    95      501.6667      540.5592 54284496    7.75%
 514308 482380      505.5155   111      501.6667      540.5585 54478363    7.75%
 515701 483607      537.5682    79      501.6667      540.5577 54589341    7.75%
 517042 484775      532.9593    84      501.6667      540.5577 54744950    7.75%
 518393 486467      536.3489    94      501.6667      540.5571 54875515    7.75%
 519599 487814      535.0518    87      501.6667      540.5571 55014536    7.75%
 520752 488144      539.5706   103      501.6667      540.5569 55038575    7.75%
 521930 489726      538.8449   108      501.6667      540.5537 55176074    7.75%
 523354 491124      531.0967    96      501.6667      540.5537 55343348    7.75%
Elapsed time = 1717.70 sec. (1295726.23 ticks, tree = 17716.69 MB, solutions = 110)
Nodefile size = 7708.42 MB (6546.58 MB after compression)
 524383 493008      538.0116   128      501.6667      540.5537 55496016    7.75%
 525874 492870      534.6166    66      501.6667      540.5535 55492212    7.75%
 527312 495528      520.4291    78      501.6667      540.5535 55764759    7.75%
 528601 495586      538.6549    88      501.6667      540.5497 55757857    7.75%
 530290 497065      536.6587   130      501.6667      540.5497 55910579    7.75%
 531476 499333      539.5934    95      501.6667      540.5497 56093809    7.75%
 532658 499502      533.1515    90      501.6667      540.5497 56104422    7.75%
 534077 501101      535.4685    71      501.6667      540.5497 56262150    7.75%
 535090 502782      538.9551    94      501.6667      540.5497 56393354    7.75%
 536262 504074      537.0251    73      501.6667      540.5497 56526746    7.75%
Elapsed time = 1768.27 sec. (1333888.11 ticks, tree = 18270.77 MB, solutions = 110)
Nodefile size = 8263.49 MB (7021.45 MB after compression)
 537675 504091      537.9495    71      501.6667      540.5497 56521256    7.75%
 538926 505439      531.6512    97      501.6667      540.5497 56661984    7.75%
 540058 507609      533.5698   107      501.6667      540.5497 56825140    7.75%
 541639 507883      520.7793    45      501.6667      540.5443 56866578    7.75%
 542923 511806      539.8979    58      501.6667      540.5437 57209563    7.75%
 544533 512056      532.8308    75      501.6667      540.5437 57231399    7.75%
 545550 513234      538.3811    74      501.6667      540.5437 57388860    7.75%
 546899 513589      537.9809    85      501.6667      540.5437 57430370    7.75%
 548111 514894      537.9185   104      501.6667      540.5415 57509475    7.75%
 549608 517035      537.5743    83      501.6667      540.5392 57762358    7.75%
Elapsed time = 1820.86 sec. (1372059.12 ticks, tree = 18683.93 MB, solutions = 110)
Nodefile size = 8675.23 MB (7372.59 MB after compression)
 551014 517473      536.6591    72      501.6667      540.5379 57838343    7.75%
 552567 518210      532.6668   101      501.6667      540.5379 57902521    7.75%
 553927 521230      537.6019   105      501.6667      540.5376 58145257    7.75%
 555000 521412      537.1025    88      501.6667      540.5367 58155498    7.75%
 556059 523046      535.5915    57      501.6667      540.5367 58319765    7.75%
 557286 524549      528.2149    52      501.6667      540.5354 58439424    7.75%
 558837 524968      525.2897    62      501.6667      540.5342 58504216    7.75%
 560169 527206      521.3547    48      501.6667      540.5335 58700316    7.75%
 561627 528512      533.4004    71      501.6667      540.5335 58827700    7.75%
 562668 529485      535.8013    79      501.6667      540.5333 58926934    7.75%
Elapsed time = 1872.91 sec. (1410280.81 ticks, tree = 19225.25 MB, solutions = 110)
Nodefile size = 9214.85 MB (7835.59 MB after compression)
 563694 529749      531.6662   103      501.6667      540.5314 58961875    7.75%
 565184 531207      536.8276    79      501.6667      540.5314 59096033    7.75%
 566335 532955      538.4407    82      501.6667      540.5308 59284121    7.75%
 567977 534510      533.7467   107      501.6667      540.5308 59447656    7.75%
 568842 534684      534.5110    98      501.6667      540.5301 59464236    7.75%
 570076 536045      533.0315    84      501.6667      540.5293 59590393    7.75%
 571686 537091      532.3999    92      501.6667      540.5289 59669263    7.75%
 572811 539297      530.0704    82      501.6667      540.5289 59888555    7.75%
 573851 540600      526.5275    62      501.6667      540.5289 60026838    7.75%
 575165 542004      527.2641    63      501.6667      540.5289 60179627    7.75%
Elapsed time = 1927.61 sec. (1448480.82 ticks, tree = 19637.41 MB, solutions = 110)
Nodefile size = 9619.75 MB (8180.03 MB after compression)
 576110 542290      535.7988   139      501.6667      540.5272 60246658    7.75%
 576857 544510      540.1416    94      501.6667      540.5268 60550626    7.75%
 578196 544546      535.4760    76      501.6667      540.5262 60539290    7.75%
 579589 545210      539.8875   163      501.6667      540.5253 60721823    7.75%
 581060 547576      533.0100    78      501.6667      540.5247 60959318    7.75%
 582408 548731      533.8294    83      501.6667      540.5245 61062630    7.75%
 583641 549112      534.9922    87      501.6667      540.5237 61084822    7.75%
 585115 550597      537.8417   122      501.6667      540.5237 61228165    7.75%
 586235 552225      536.7577    96      501.6667      540.5237 61353197    7.75%
 587387 553256      539.7935    90      501.6667      540.5210 61450791    7.75%
Elapsed time = 1985.77 sec. (1486657.28 ticks, tree = 20120.29 MB, solutions = 110)
Nodefile size = 10110.63 MB (8600.06 MB after compression)
 588602 555169      519.0255    60      501.6667      540.5207 61657956    7.74%
 589471 555276      539.8296    56      501.6667      540.5206 61665134    7.74%
 590821 556101      538.2731    89      501.6667      540.5202 61753144    7.74%
 591893 557288      538.6143    80      501.6667      540.5202 61917372    7.74%
 593106 558046      534.1120    58      501.6667      540.5201 61958036    7.74%
 594472 560405      538.0296    67      501.6667      540.5191 62255306    7.74%
 595948 560315      537.8162    87      501.6667      540.5191 62235946    7.74%
 597364 562678      535.3552    73      501.6667      540.5186 62536023    7.74%
 598404 563924      538.5612    81      501.6667      540.5186 62646082    7.74%
 599721 564888      539.6228    38      501.6667      540.5166 62727268    7.74%
Elapsed time = 2038.89 sec. (1524843.06 ticks, tree = 20603.74 MB, solutions = 110)
Nodefile size = 10594.85 MB (9015.82 MB after compression)
 601488 567100      526.0966    48      501.6667      540.5166 62918987    7.74%
 602835 567211      538.0251   105      501.6667      540.5162 62928485    7.74%
 604214 568884      537.6837    57      501.6667      540.5148 63062959    7.74%
 605635 569843      534.2423    66      501.6667      540.5148 63119584    7.74%
 606827 571292      537.6860    53      501.6667      540.5141 63275570    7.74%
 608009 572560      536.3088    70      501.6667      540.5137 63370176    7.74%
 609294 574605      528.4355    95      501.6667      540.5131 63602610    7.74%
 610929 575652      536.4188    80      501.6667      540.5131 63688971    7.74%
 612327 577140      525.3837    67      501.6667      540.5124 63875895    7.74%
 613296 577717      532.5971    73      501.6667      540.5124 63926360    7.74%
Elapsed time = 2089.41 sec. (1563019.69 ticks, tree = 21165.09 MB, solutions = 110)
Nodefile size = 11153.81 MB (9496.72 MB after compression)
 614129 579655      529.1082   109      501.6667      540.5122 64076983    7.74%
 615050 580151      534.0755    72      501.6667      540.5119 64111522    7.74%
 616320 580980      535.7718    63      501.6667      540.5118 64183253    7.74%
 617870 582922      539.0672   102      501.6667      540.5108 64412717    7.74%
 619379 583996      535.6024    71      501.6667      540.5108 64534222    7.74%
 620697 584916      534.4006    76      501.6667      540.5108 64627361    7.74%
 621925 585629      536.6286   102      501.6667      540.5102 64699269    7.74%
 623231 588614      539.5581    96      501.6667      540.5085 65005774    7.74%
 624532 589125      537.4460    59      501.6667      540.5083 65073595    7.74%
 626113 590198      536.2578    26      501.6667      540.5083 65168926    7.74%
Elapsed time = 2141.50 sec. (1601185.30 ticks, tree = 21612.21 MB, solutions = 110)
Nodefile size = 11601.37 MB (9881.13 MB after compression)
 627408 591134      540.2514   126      501.6667      540.5074 65269715    7.74%
 628435 592002      537.4490    52      501.6667      540.5074 65354339    7.74%
 629391 594041      539.0493    82      501.6667      540.5056 65538658    7.74%
 630923 594718      534.3974    85      501.6667      540.5051 65596867    7.74%
 632204 596311      529.4466    82      501.6667      540.5051 65786946    7.74%
 633192 597422      536.3788    67      501.6667      540.5051 65854567    7.74%
 634489 599875      537.7922    32      501.6667      540.5036 66129472    7.74%
 635907 600095      531.0960    65      501.6667      540.5030 66155782    7.74%
 637615 602084      537.4087    68      501.6667      540.5030 66369803    7.74%
 638868 601937      538.5626    83      501.6667      540.5025 66371653    7.74%
Elapsed time = 2194.05 sec. (1639382.21 ticks, tree = 22126.82 MB, solutions = 110)
Nodefile size = 12117.15 MB (10325.68 MB after compression)
 640181 603714      517.6923    94      501.6667      540.5014 66490606    7.74%
 641584 605562      537.1900    95      501.6667      540.5013 66651776    7.74%
 642825 606722      523.7306    56      501.6667      540.5013 66768981    7.74%
 644062 607162      537.4844    66      501.6667      540.5005 66785395    7.74%
 644829 607892      536.7810   102      501.6667      540.5005 66836793    7.74%
 645944 609725      531.1280    84      501.6667      540.5005 67022825    7.74%
 647422 610898      521.0292    87      501.6667      540.4998 67140916    7.74%
 649072 611869      538.4763    86      501.6667      540.4973 67243823    7.74%
 650679 614554      537.3250    46      501.6667      540.4973 67523883    7.74%
 652154 614467      538.9333    76      501.6667      540.4972 67526174    7.74%
Elapsed time = 2246.82 sec. (1677562.03 ticks, tree = 22584.07 MB, solutions = 110)
Nodefile size = 12571.83 MB (10717.20 MB after compression)
 654013 616070      540.1004    89      501.6667      540.4965 67677656    7.74%
 655533 617557      534.5658   112      501.6667      540.4962 67801537    7.74%
 656860 619100      533.5933    47      501.6667      540.4940 67907198    7.74%
 658394 620114      537.2084    55      501.6667      540.4940 67993570    7.74%
 659557 622624      534.6710   108      501.6667      540.4940 68176502    7.74%
 660343 623559      503.6428    64      501.6667      540.4940 68253886    7.74%
 661185 625120      529.8921    93      501.6667      540.4940 68418157    7.74%
 662423 626475      536.9486    41      501.6667      540.4911 68533223    7.74%
 663590 627204      534.5106    82      501.6667      540.4910 68643302    7.74%
 664740 628925      537.9224    81      501.6667      540.4910 68823491    7.74%
Elapsed time = 2300.56 sec. (1715733.38 ticks, tree = 23211.34 MB, solutions = 110)
Nodefile size = 13203.77 MB (11264.02 MB after compression)
 665802 629961      533.1598    59      501.6667      540.4887 68961185    7.74%
 666942 631026      535.0292    75      501.6667      540.4884 69096710    7.74%
 668486 632118      508.1493    46      501.6667      540.4883 69211295    7.74%
 670180 633874      527.2688    75      501.6667      540.4881 69380950    7.74%
 671591 634600      525.2451    84      501.6667      540.4868 69433923    7.74%
 673179 635076      538.8454    96      501.6667      540.4868 69475274    7.74%
 674258 638020      533.7342    81      501.6667      540.4862 69743290    7.74%
 676045 637817      531.8486    64      501.6667      540.4862 69719426    7.74%
 677037 639350      539.5035   107      501.6667      540.4862 69877472    7.74%
 678223 640827      536.2355    51      501.6667      540.4854 70047911    7.74%
Elapsed time = 2356.17 sec. (1753910.86 ticks, tree = 23562.88 MB, solutions = 110)
Nodefile size = 13554.69 MB (11565.28 MB after compression)
 679733 642610      534.9704    87      501.6667      540.4854 70194528    7.74%
 681193 644655      535.2064   100      501.6667      540.4844 70383514    7.74%
 682725 644299      537.2791    75      501.6667      540.4844 70341755    7.74%
 684027 645712      530.2586    69      501.6667      540.4844 70489946    7.74%
 685176 646897      535.4246    68      501.6667      540.4844 70576900    7.74%
 686576 649272      502.6167    91      501.6667      540.4823 70779968    7.74%
 687707 650099      539.8839    32      501.6667      540.4812 70836837    7.74%
 688748 651733      517.4605    61      501.6667      540.4812 71014800    7.74%
 690053 652820      538.8781    60      501.6667      540.4803 71093057    7.74%
 690970 653490      532.1216    70      501.6667      540.4802 71217588    7.74%
Elapsed time = 2410.59 sec. (1792125.66 ticks, tree = 24121.62 MB, solutions = 110)
Nodefile size = 14113.94 MB (12048.70 MB after compression)
 692038 655528      533.1266   125      501.6667      540.4802 71445270    7.74%
 693427 655971      538.5695    34      501.6667      540.4802 71528812    7.74%
 694918 657131      534.8080    64      501.6667      540.4790 71640264    7.74%
 696354 658358      516.9096    64      501.6667      540.4790 71840879    7.74%
 697951 658455      538.5440    69      501.6667      540.4789 71821145    7.74%
 699422 660198      538.1254   159      501.6667      540.4789 71987470    7.74%
 700578 661939      537.1282    87      501.6667      540.4777 72146733    7.74%
 701748 662695      536.9874   111      501.6667      540.4776 72206589    7.74%
 703014 664423      531.9606    82      501.6667      540.4776 72346212    7.74%
 704355 665140      539.5257    62      501.6667      540.4767 72384467    7.74%
Elapsed time = 2468.51 sec. (1830300.46 ticks, tree = 24534.72 MB, solutions = 110)
Nodefile size = 14520.80 MB (12398.51 MB after compression)
 705799 666650      533.5855    79      501.6667      540.4756 72495591    7.74%
 707055 668075      538.4256    54      501.6667      540.4749 72608137    7.74%
 707927 669844      537.6963    80      501.6667      540.4749 72800178    7.74%
 709073 672226      535.1834    86      501.6667      540.4746 73056673    7.74%
 710224 672571      522.6034    78      501.6667      540.4744 73087641    7.74%
 711536 673544      538.3174    47      501.6667      540.4744 73233171    7.74%
 712955 675126      526.3072    86      501.6667      540.4729 73481575    7.74%
 714449 675096      537.0462    58      501.6667      540.4726 73449282    7.74%
 716045 676532      539.2165    47      501.6667      540.4726 73653652    7.74%
 717244 677452      540.3195   106      501.6667      540.4726 73719612    7.74%
Elapsed time = 2520.50 sec. (1868499.28 ticks, tree = 25006.52 MB, solutions = 110)
Nodefile size = 14987.57 MB (12800.68 MB after compression)
 718397 678893      539.3569    96      501.6667      540.4726 73835227    7.74%
 719614 680337      536.3745    69      501.6667      540.4726 73948690    7.74%
 720690 682360      539.4072    53      501.6667      540.4726 74098199    7.74%
 721479 683072      537.7064    59      501.6667      540.4723 74169491    7.74%
 722812 683419      536.3039    84      501.6667      540.4711 74188570    7.74%
 724484 685180      537.2593    56      501.6667      540.4711 74403043    7.74%
 725960 685594      536.6248    74      501.6667      540.4693 74424310    7.73%
 727030 686890      538.2889    96      501.6667      540.4677 74568299    7.73%
 728050 690073      537.9558    97      501.6667      540.4672 74833216    7.73%
 729488 691442      535.0405    89      501.6667      540.4670 74943163    7.73%
Elapsed time = 2574.48 sec. (1906717.52 ticks, tree = 25627.04 MB, solutions = 110)
Nodefile size = 15617.05 MB (13345.99 MB after compression)
 730761 692545      532.4048    66      501.6667      540.4652 75025583    7.73%
 731904 693060      514.2689    29      501.6667      540.4652 75141301    7.73%
 733028 693457      534.5878    73      501.6667      540.4652 75181354    7.73%
 734110 695751      533.0253    29      501.6667      540.4646 75396264    7.73%
 735291 696373      533.5984    19      501.6667      540.4646 75516352    7.73%
 736089 698334      523.2441    61      501.6667      540.4622 75704856    7.73%
 737312 699385      537.0858    74      501.6667      540.4622 75839318    7.73%
 738655 700022      526.4707    73      501.6667      540.4616 75945049    7.73%
 739816 700181      534.2721    98      501.6667      540.4616 75961001    7.73%
 740954 701528      540.2716    90      501.6667      540.4613 76135767    7.73%
Elapsed time = 2628.15 sec. (1944897.27 ticks, tree = 26072.21 MB, solutions = 110)
Nodefile size = 16062.83 MB (13732.74 MB after compression)
 742223 703278      540.0903   108      501.6667      540.4611 76291607    7.73%
 743562 703468      539.0850    63      501.6667      540.4595 76298603    7.73%
 744729 704923      531.5274    70      501.6667      540.4594 76455688    7.73%
 745801 707216      539.2633    89      501.6667      540.4594 76702814    7.73%
 747137 708494      538.9015    63      501.6667      540.4589 76854294    7.73%
 748474 707995      535.2100    33      501.6667      540.4589 76771742    7.73%
 749693 710564      533.2878    46      501.6667      540.4589 77022503    7.73%
 750663 712230      527.2901    40      501.6667      540.4577 77200487    7.73%
 751814 712152      539.1768    89      501.6667      540.4577 77188847    7.73%
 752999 714149      539.0833    89      501.6667      540.4571 77422771    7.73%
Elapsed time = 2683.01 sec. (1983093.82 ticks, tree = 26637.13 MB, solutions = 110)
Nodefile size = 16629.27 MB (14224.34 MB after compression)
 754341 714422      537.2401    29      501.6667      540.4570 77477384    7.73%
 755635 717139      539.1519   116      501.6667      540.4553 77751239    7.73%
 756953 716589      535.7882   143      501.6667      540.4553 77697503    7.73%
 758574 717666      538.6808    70      501.6667      540.4545 77784991    7.73%
 759768 719103      505.9815    78      501.6667      540.4538 77928744    7.73%
 760660 720931      534.4495    80      501.6667      540.4534 78082089    7.73%
 761817 722230      538.4458   125      501.6667      540.4534 78239266    7.73%
 763385 722471      521.2569    83      501.6667      540.4533 78279138    7.73%
 764738 725974      528.8425    80      501.6667      540.4531 78630017    7.73%
 766057 725315      538.6461   104      501.6667      540.4520 78562453    7.73%
Elapsed time = 2739.42 sec. (2021266.96 ticks, tree = 27063.76 MB, solutions = 110)
Nodefile size = 17051.88 MB (14590.87 MB after compression)
 767177 728374      538.6134    89      501.6667      540.4520 78876779    7.73%
 768275 728509      539.9818    73      501.6667      540.4520 78882827    7.73%
 769256 729395      532.7766    77      501.6667      540.4507 78963365    7.73%
 770292 730705      539.7695    81      501.6667      540.4504 79123796    7.73%
 771541 731476      534.6465   110      501.6667      540.4495 79230016    7.73%
 772804 732135      539.6599   147      501.6667      540.4492 79296794    7.73%
 773932 733309      534.5825    86      501.6667      540.4492 79453244    7.73%
 775120 735474      532.8841    47      501.6667      540.4480 79697877    7.73%
 776435 735735      535.2759    46      501.6667      540.4472 79720861    7.73%
 777680 738469      536.2142    59      501.6667      540.4470 80025884    7.73%
Elapsed time = 2796.28 sec. (2059455.92 ticks, tree = 27543.28 MB, solutions = 110)
Nodefile size = 17534.32 MB (15005.67 MB after compression)
 779159 739563      538.7575    57      501.6667      540.4466 80148086    7.73%
 780204 739689      537.6870    60      501.6667      540.4466 80153671    7.73%
 781577 741310      538.1596   122      501.6667      540.4462 80301694    7.73%
