xopp-Message: 22:03:19.744: TEXTDOMAINDIR = (null), Platform-specific locale dir = /usr/share/xournalpp/../locale, chosen directory = /usr/share/xournalpp/../locale
ALSA lib pcm.c:2675:(snd_pcm_open_noupdate) Unknown PCM cards.pcm.rear
ALSA lib pcm.c:2675:(snd_pcm_open_noupdate) Unknown PCM cards.pcm.center_lfe
ALSA lib pcm.c:2675:(snd_pcm_open_noupdate) Unknown PCM cards.pcm.side
ALSA lib confmisc.c:1377:(snd_func_refer) Unable to find definition 'cards.0.pcm.hdmi.0:CARD=0,AES0=4,AES1=130,AES2=0,AES3=2'
ALSA lib conf.c:5204:(_snd_config_evaluate) function snd_func_refer returned error: No such file or directory
ALSA lib conf.c:5727:(snd_config_expand) Evaluate error: No such file or directory
ALSA lib pcm.c:2675:(snd_pcm_open_noupdate) Unknown PCM hdmi
ALSA lib confmisc.c:1377:(snd_func_refer) Unable to find definition 'cards.0.pcm.hdmi.0:CARD=0,AES0=4,AES1=130,AES2=0,AES3=2'
ALSA lib conf.c:5204:(_snd_config_evaluate) function snd_func_refer returned error: No such file or directory
ALSA lib conf.c:5727:(snd_config_expand) Evaluate error: No such file or directory
ALSA lib pcm.c:2675:(snd_pcm_open_noupdate) Unknown PCM hdmi
ALSA lib confmisc.c:1377:(snd_func_refer) Unable to find definition 'cards.0.pcm.modem.0:CARD=0'
ALSA lib conf.c:5204:(_snd_config_evaluate) function snd_func_refer returned error: No such file or directory
ALSA lib conf.c:5727:(snd_config_expand) Evaluate error: No such file or directory
ALSA lib pcm.c:2675:(snd_pcm_open_noupdate) Unknown PCM cards.pcm.phoneline:CARD=0,DEV=0
ALSA lib confmisc.c:1377:(snd_func_refer) Unable to find definition 'cards.0.pcm.modem.0:CARD=0'
ALSA lib conf.c:5204:(_snd_config_evaluate) function snd_func_refer returned error: No such file or directory
ALSA lib conf.c:5727:(snd_config_expand) Evaluate error: No such file or directory
ALSA lib pcm.c:2675:(snd_pcm_open_noupdate) Unknown PCM cards.pcm.phoneline:CARD=0,DEV=0
ALSA lib confmisc.c:1377:(snd_func_refer) Unable to find definition 'cards.0.pcm.modem.0:CARD=0'
ALSA lib conf.c:5204:(_snd_config_evaluate) function snd_func_refer returned error: No such file or directory
ALSA lib conf.c:5727:(snd_config_expand) Evaluate error: No such file or directory
ALSA lib pcm.c:2675:(snd_pcm_open_noupdate) Unknown PCM phoneline
ALSA lib confmisc.c:1377:(snd_func_refer) Unable to find definition 'cards.0.pcm.modem.0:CARD=0'
ALSA lib conf.c:5204:(_snd_config_evaluate) function snd_func_refer returned error: No such file or directory
ALSA lib conf.c:5727:(snd_config_expand) Evaluate error: No such file or directory
ALSA lib pcm.c:2675:(snd_pcm_open_noupdate) Unknown PCM phoneline
xopp-Message: 22:03:20.059: Plugin "MigrateFontSizes" UI initialized

(com.github.xournalpp.xournalpp:2653): xopp-WARNING **: 22:03:20.121: invalid pressure point count: 21, expected 20

(com.github.xournalpp.xournalpp:2653): xopp-WARNING **: 22:03:20.121: invalid pressure point count: 22, expected 21

(com.github.xournalpp.xournalpp:2653): xopp-WARNING **: 22:03:20.121: invalid pressure point count: 158, expected 157

(com.github.xournalpp.xournalpp:2653): xopp-WARNING **: 22:03:20.121: invalid pressure point count: 10, expected 9

(com.github.xournalpp.xournalpp:2653): xopp-WARNING **: 22:03:20.121: invalid pressure point count: 133, expected 132

(com.github.xournalpp.xournalpp:2653): xopp-WARNING **: 22:03:20.121: invalid pressure point count: 225, expected 224

(com.github.xournalpp.xournalpp:2653): xopp-WARNING **: 22:03:20.121: invalid pressure point count: 94, expected 93

(com.github.xournalpp.xournalpp:2653): xopp-WARNING **: 22:03:20.121: invalid pressure point count: 44, expected 43

(com.github.xournalpp.xournalpp:2653): xopp-WARNING **: 22:03:20.121: invalid pressure point count: 15, expected 14

(com.github.xournalpp.xournalpp:2653): xopp-WARNING **: 22:03:20.121: invalid pressure point count: 162, expected 161

(com.github.xournalpp.xournalpp:2653): xopp-WARNING **: 22:03:20.121: invalid pressure point count: 103, expected 102

(com.github.xournalpp.xournalpp:2653): xopp-WARNING **: 22:03:20.121: invalid pressure point count: 2, expected 1

(com.github.xournalpp.xournalpp:2653): xopp-WARNING **: 22:03:20.121: invalid pressure point count: 2, expected 1

(com.github.xournalpp.xournalpp:2653): xopp-WARNING **: 22:03:20.121: invalid pressure point count: 3, expected 2

(com.github.xournalpp.xournalpp:2653): xopp-WARNING **: 22:03:20.154: invalid pressure point count: 103, expected 102

(com.github.xournalpp.xournalpp:2653): xopp-WARNING **: 22:03:20.154: invalid pressure point count: 76, expected 75

(com.github.xournalpp.xournalpp:2653): xopp-WARNING **: 22:03:20.154: invalid pressure point count: 70, expected 69

(com.github.xournalpp.xournalpp:2653): xopp-WARNING **: 22:03:20.154: invalid pressure point count: 67, expected 66

(com.github.xournalpp.xournalpp:2653): xopp-WARNING **: 22:03:20.154: invalid pressure point count: 18, expected 17

(com.github.xournalpp.xournalpp:2653): xopp-WARNING **: 22:03:20.154: invalid pressure point count: 19, expected 18

(com.github.xournalpp.xournalpp:2653): xopp-WARNING **: 22:03:20.154: invalid pressure point count: 22, expected 21

(com.github.xournalpp.xournalpp:2653): xopp-WARNING **: 22:03:20.154: invalid pressure point count: 21, expected 20

(com.github.xournalpp.xournalpp:2653): xopp-WARNING **: 22:03:20.154: invalid pressure point count: 19, expected 18

(com.github.xournalpp.xournalpp:2653): xopp-WARNING **: 22:03:20.154: invalid pressure point count: 17, expected 16

(com.github.xournalpp.xournalpp:2653): xopp-WARNING **: 22:03:20.154: invalid pressure point count: 24, expected 23

(com.github.xournalpp.xournalpp:2653): xopp-WARNING **: 22:03:20.154: invalid pressure point count: 22, expected 21

(com.github.xournalpp.xournalpp:2653): xopp-WARNING **: 22:03:20.154: invalid pressure point count: 22, expected 21

(com.github.xournalpp.xournalpp:2653): xopp-WARNING **: 22:03:20.154: invalid pressure point count: 20, expected 19

(com.github.xournalpp.xournalpp:2653): xopp-WARNING **: 22:03:20.154: invalid pressure point count: 22, expected 21

(com.github.xournalpp.xournalpp:2653): xopp-WARNING **: 22:03:20.154: invalid pressure point count: 25, expected 24

(com.github.xournalpp.xournalpp:2653): xopp-WARNING **: 22:03:20.154: invalid pressure point count: 3, expected 2

(com.github.xournalpp.xournalpp:2653): xopp-WARNING **: 22:03:20.154: invalid pressure point count: 2, expected 1

(com.github.xournalpp.xournalpp:2653): xopp-WARNING **: 22:03:20.154: invalid pressure point count: 20, expected 19

(com.github.xournalpp.xournalpp:2653): xopp-WARNING **: 22:03:20.154: invalid pressure point count: 19, expected 18

(com.github.xournalpp.xournalpp:2653): xopp-WARNING **: 22:03:20.154: invalid pressure point count: 21, expected 20

(com.github.xournalpp.xournalpp:2653): xopp-WARNING **: 22:03:20.154: invalid pressure point count: 18, expected 17

(com.github.xournalpp.xournalpp:2653): xopp-WARNING **: 22:03:20.154: invalid pressure point count: 53, expected 52

(com.github.xournalpp.xournalpp:2653): xopp-WARNING **: 22:03:20.154: invalid pressure point count: 23, expected 22

(com.github.xournalpp.xournalpp:2653): xopp-WARNING **: 22:03:20.154: invalid pressure point count: 21, expected 20

(com.github.xournalpp.xournalpp:2653): xopp-WARNING **: 22:03:20.154: invalid pressure point count: 21, expected 20

(com.github.xournalpp.xournalpp:2653): xopp-WARNING **: 22:03:20.154: invalid pressure point count: 21, expected 20

(com.github.xournalpp.xournalpp:2653): xopp-WARNING **: 22:03:20.154: invalid pressure point count: 21, expected 20

(com.github.xournalpp.xournalpp:2653): xopp-WARNING **: 22:03:20.154: invalid pressure point count: 40, expected 39

(com.github.xournalpp.xournalpp:2653): xopp-WARNING **: 22:03:20.154: invalid pressure point count: 11, expected 10

(com.github.xournalpp.xournalpp:2653): xopp-WARNING **: 22:03:20.154: invalid pressure point count: 25, expected 24

(com.github.xournalpp.xournalpp:2653): xopp-WARNING **: 22:03:20.154: invalid pressure point count: 175, expected 174

(com.github.xournalpp.xournalpp:2653): xopp-WARNING **: 22:03:20.154: invalid pressure point count: 18, expected 17

(com.github.xournalpp.xournalpp:2653): xopp-WARNING **: 22:03:20.154: invalid pressure point count: 42, expected 41

(com.github.xournalpp.xournalpp:2653): xopp-WARNING **: 22:03:20.154: invalid pressure point count: 203, expected 202

(com.github.xournalpp.xournalpp:2653): xopp-WARNING **: 22:03:20.154: invalid pressure point count: 3, expected 2

(com.github.xournalpp.xournalpp:2653): xopp-WARNING **: 22:03:20.154: invalid pressure point count: 276, expected 275

(com.github.xournalpp.xournalpp:2653): xopp-WARNING **: 22:03:20.154: invalid pressure point count: 96, expected 95

(com.github.xournalpp.xournalpp:2653): xopp-WARNING **: 22:03:20.154: invalid pressure point count: 5, expected 4

(com.github.xournalpp.xournalpp:2653): xopp-WARNING **: 22:03:20.154: invalid pressure point count: 2, expected 1

(com.github.xournalpp.xournalpp:2653): xopp-WARNING **: 22:03:20.154: invalid pressure point count: 13, expected 12

(com.github.xournalpp.xournalpp:2653): xopp-WARNING **: 22:03:20.154: invalid pressure point count: 62, expected 61

(com.github.xournalpp.xournalpp:2653): xopp-WARNING **: 22:03:20.154: invalid pressure point count: 32, expected 31

(com.github.xournalpp.xournalpp:2653): xopp-WARNING **: 22:03:20.154: invalid pressure point count: 9, expected 8

(com.github.xournalpp.xournalpp:2653): xopp-WARNING **: 22:03:20.154: invalid pressure point count: 25, expected 24

(com.github.xournalpp.xournalpp:2653): xopp-WARNING **: 22:03:20.154: invalid pressure point count: 17, expected 16

(com.github.xournalpp.xournalpp:2653): xopp-WARNING **: 22:03:20.154: invalid pressure point count: 72, expected 71

(com.github.xournalpp.xournalpp:2653): xopp-WARNING **: 22:03:20.154: invalid pressure point count: 91, expected 90

(com.github.xournalpp.xournalpp:2653): xopp-WARNING **: 22:03:20.154: invalid pressure point count: 166, expected 165

(com.github.xournalpp.xournalpp:2653): xopp-WARNING **: 22:03:20.154: invalid pressure point count: 2, expected 1

(com.github.xournalpp.xournalpp:2653): xopp-WARNING **: 22:03:20.154: invalid pressure point count: 28, expected 27

(com.github.xournalpp.xournalpp:2653): xopp-WARNING **: 22:03:20.154: invalid pressure point count: 68, expected 67

(com.github.xournalpp.xournalpp:2653): xopp-WARNING **: 22:03:20.154: invalid pressure point count: 53, expected 52

(com.github.xournalpp.xournalpp:2653): xopp-WARNING **: 22:03:20.154: invalid pressure point count: 11, expected 10

(com.github.xournalpp.xournalpp:2653): xopp-WARNING **: 22:03:20.155: invalid pressure point count: 214, expected 213

(com.github.xournalpp.xournalpp:2653): xopp-WARNING **: 22:03:20.155: invalid pressure point count: 2, expected 1

(com.github.xournalpp.xournalpp:2653): xopp-WARNING **: 22:03:20.155: invalid pressure point count: 11, expected 10

(com.github.xournalpp.xournalpp:2653): xopp-WARNING **: 22:03:20.155: invalid pressure point count: 204, expected 203

(com.github.xournalpp.xournalpp:2653): xopp-WARNING **: 22:03:20.155: invalid pressure point count: 2, expected 1

(com.github.xournalpp.xournalpp:2653): xopp-WARNING **: 22:03:20.155: invalid pressure point count: 11, expected 10

(com.github.xournalpp.xournalpp:2653): xopp-WARNING **: 22:03:20.155: invalid pressure point count: 9, expected 8

(com.github.xournalpp.xournalpp:2653): xopp-WARNING **: 22:03:20.155: invalid pressure point count: 37, expected 36

(com.github.xournalpp.xournalpp:2653): xopp-WARNING **: 22:03:20.155: invalid pressure point count: 184, expected 183

(com.github.xournalpp.xournalpp:2653): xopp-WARNING **: 22:03:20.155: invalid pressure point count: 15, expected 14

(com.github.xournalpp.xournalpp:2653): xopp-WARNING **: 22:03:20.155: invalid pressure point count: 3, expected 2

(com.github.xournalpp.xournalpp:2653): xopp-WARNING **: 22:03:20.155: invalid pressure point count: 39, expected 38

(com.github.xournalpp.xournalpp:2653): xopp-WARNING **: 22:03:20.155: invalid pressure point count: 53, expected 52

(com.github.xournalpp.xournalpp:2653): xopp-WARNING **: 22:03:20.155: invalid pressure point count: 29, expected 28

(com.github.xournalpp.xournalpp:2653): xopp-WARNING **: 22:03:20.155: invalid pressure point count: 18, expected 17

(com.github.xournalpp.xournalpp:2653): xopp-WARNING **: 22:03:20.155: invalid pressure point count: 125, expected 124

(com.github.xournalpp.xournalpp:2653): xopp-WARNING **: 22:03:20.155: invalid pressure point count: 170, expected 169

(com.github.xournalpp.xournalpp:2653): xopp-WARNING **: 22:03:20.155: invalid pressure point count: 3, expected 2

(com.github.xournalpp.xournalpp:2653): xopp-WARNING **: 22:03:20.155: invalid pressure point count: 30, expected 29

(com.github.xournalpp.xournalpp:2653): xopp-WARNING **: 22:03:20.155: invalid pressure point count: 15, expected 14

(com.github.xournalpp.xournalpp:2653): xopp-WARNING **: 22:03:20.155: invalid pressure point count: 32, expected 31

(com.github.xournalpp.xournalpp:2653): xopp-WARNING **: 22:03:20.155: invalid pressure point count: 13, expected 12

(com.github.xournalpp.xournalpp:2653): xopp-WARNING **: 22:03:20.155: invalid pressure point count: 33, expected 32

(com.github.xournalpp.xournalpp:2653): xopp-WARNING **: 22:03:20.155: invalid pressure point count: 27, expected 26

(com.github.xournalpp.xournalpp:2653): xopp-WARNING **: 22:03:20.155: invalid pressure point count: 17, expected 16

(com.github.xournalpp.xournalpp:2653): xopp-WARNING **: 22:03:20.155: invalid pressure point count: 15, expected 14

(com.github.xournalpp.xournalpp:2653): xopp-WARNING **: 22:03:20.155: invalid pressure point count: 34, expected 33

(com.github.xournalpp.xournalpp:2653): xopp-WARNING **: 22:03:20.155: invalid pressure point count: 47, expected 46

(com.github.xournalpp.xournalpp:2653): xopp-WARNING **: 22:03:20.155: invalid pressure point count: 154, expected 153

(com.github.xournalpp.xournalpp:2653): xopp-WARNING **: 22:03:20.155: invalid pressure point count: 54, expected 53

(com.github.xournalpp.xournalpp:2653): xopp-WARNING **: 22:03:20.155: invalid pressure point count: 15, expected 14

(com.github.xournalpp.xournalpp:2653): xopp-WARNING **: 22:03:20.155: invalid pressure point count: 121, expected 120

(com.github.xournalpp.xournalpp:2653): xopp-WARNING **: 22:03:20.155: invalid pressure point count: 15, expected 14

(com.github.xournalpp.xournalpp:2653): xopp-WARNING **: 22:03:20.155: invalid pressure point count: 149, expected 148

(com.github.xournalpp.xournalpp:2653): xopp-WARNING **: 22:03:20.155: invalid pressure point count: 62, expected 61

(com.github.xournalpp.xournalpp:2653): xopp-WARNING **: 22:03:20.155: invalid pressure point count: 47, expected 46

(com.github.xournalpp.xournalpp:2653): xopp-WARNING **: 22:03:20.155: invalid pressure point count: 140, expected 139

(com.github.xournalpp.xournalpp:2653): xopp-WARNING **: 22:03:20.155: invalid pressure point count: 109, expected 108

(com.github.xournalpp.xournalpp:2653): xopp-WARNING **: 22:03:20.155: invalid pressure point count: 47, expected 46

(com.github.xournalpp.xournalpp:2653): xopp-WARNING **: 22:03:20.155: invalid pressure point count: 14, expected 13

(com.github.xournalpp.xournalpp:2653): xopp-WARNING **: 22:03:20.155: invalid pressure point count: 58, expected 57

(com.github.xournalpp.xournalpp:2653): xopp-WARNING **: 22:03:20.155: invalid pressure point count: 30, expected 29

(com.github.xournalpp.xournalpp:2653): xopp-WARNING **: 22:03:20.156: invalid pressure point count: 26, expected 25

(com.github.xournalpp.xournalpp:2653): xopp-WARNING **: 22:03:20.156: invalid pressure point count: 13, expected 12

(com.github.xournalpp.xournalpp:2653): xopp-WARNING **: 22:03:20.156: invalid pressure point count: 25, expected 24

(com.github.xournalpp.xournalpp:2653): xopp-WARNING **: 22:03:20.156: invalid pressure point count: 66, expected 65

(com.github.xournalpp.xournalpp:2653): xopp-WARNING **: 22:03:20.156: invalid pressure point count: 164, expected 163

(com.github.xournalpp.xournalpp:2653): xopp-WARNING **: 22:03:20.156: invalid pressure point count: 12, expected 11

(com.github.xournalpp.xournalpp:2653): xopp-WARNING **: 22:03:20.156: invalid pressure point count: 43, expected 42

(com.github.xournalpp.xournalpp:2653): xopp-WARNING **: 22:03:20.156: invalid pressure point count: 44, expected 43

(com.github.xournalpp.xournalpp:2653): xopp-WARNING **: 22:03:20.156: invalid pressure point count: 31, expected 30

(com.github.xournalpp.xournalpp:2653): xopp-WARNING **: 22:03:20.156: invalid pressure point count: 38, expected 37

(com.github.xournalpp.xournalpp:2653): xopp-WARNING **: 22:03:20.156: invalid pressure point count: 57, expected 56

(com.github.xournalpp.xournalpp:2653): xopp-WARNING **: 22:03:20.156: invalid pressure point count: 15, expected 14

(com.github.xournalpp.xournalpp:2653): xopp-WARNING **: 22:03:20.156: invalid pressure point count: 21, expected 20

(com.github.xournalpp.xournalpp:2653): xopp-WARNING **: 22:03:20.156: invalid pressure point count: 20, expected 19

(com.github.xournalpp.xournalpp:2653): xopp-WARNING **: 22:03:20.156: invalid pressure point count: 38, expected 37

(com.github.xournalpp.xournalpp:2653): xopp-WARNING **: 22:03:20.156: invalid pressure point count: 51, expected 50

(com.github.xournalpp.xournalpp:2653): xopp-WARNING **: 22:03:20.156: invalid pressure point count: 23, expected 22
